<?xml version='1.0'?>
<ns2:test-suite xmlns:ns2='urn:model.allure.qatools.yandex.ru' start='1729552385174' stop='1729552386641'>
    <name>people:</name>
    <title>people:</title>
    <test-cases>
        <test-case start='1729552385197' status='passed' stop='1729552386394'>
            <name>Teste validar request </name>
            <title>Teste validar request </title>
            <labels>
                <label name='language' value='javascript'/>
                <label name='framework' value='codeceptjs'/>
            </labels>
            <parameters/>
            <steps>
                <step start='1729552385211' status='passed' stop='1729552386393'>
                    <name>I send get request "/people"</name>
                    <title>I send get request "/people"</title>
                    <attachments/>
                    <steps/>
                </step>
                <step start='1729552386393' status='passed' stop='1729552386394'>
                    <name>I see response code is successful </name>
                    <title>I see response code is successful </title>
                    <attachments/>
                    <steps/>
                </step>
            </steps>
            <attachments/>
        </test-case>
        <test-case start='1729552386396' status='failed' stop='1729552386638'>
            <name>Teste validar request people 1 </name>
            <title>Teste validar request people 1 </title>
            <labels>
                <label name='language' value='javascript'/>
                <label name='framework' value='codeceptjs'/>
            </labels>
            <parameters/>
            <steps>
                <step start='1729552386398' status='passed' stop='1729552386633'>
                    <name>I send get request "/people/1"</name>
                    <title>I send get request "/people/1"</title>
                    <attachments/>
                    <steps/>
                </step>
                <step start='1729552386633' status='passed' stop='1729552386633'>
                    <name>I see response code is successful </name>
                    <title>I see response code is successful </title>
                    <attachments/>
                    <steps/>
                </step>
                <step start='1729552386633' status='passed' stop='1729552386634'>
                    <name>I see response contains keys ["name","height"]</name>
                    <title>I see response contains keys ["name","height"]</title>
                    <attachments/>
                    <steps/>
                </step>
                <step start='1729552386634' status='failed' stop='1729552386638'>
                    <name>I see response contains json {"name":"Luke Skywalker","height":"172","birth_year":"19BB","gender":"male"}</name>
                    <title>I see response contains json {"name":"Luke Skywalker","height":"172","birth_year":"19BB","gender":"male"}</title>
                    <attachments/>
                    <steps/>
                </step>
            </steps>
            <attachments/>
            <failure>
                <message>expected { name: 'Luke Skywalker', …(15) } to deeply match { name: 'Luke Skywalker', …(3) }</message>
                <stack-trace>AssertionError: expected { name: 'Luke Skywalker', …(15) } to deeply match { name: 'Luke Skywalker', …(3) }
                    at JSONResponse.seeResponseContainsJson (D:\backend\node_modules\codeceptjs\lib\helper\JSONResponse.js:201:42)
                    at Step.run (D:\backend\node_modules\codeceptjs\lib\step.js:123:49)
                    at D:\backend\node_modules\codeceptjs\lib\actor.js:138:23
                    at process.processTicksAndRejections (node:internal/process/task_queues:95:5)</stack-trace>
            </failure>
        </test-case>
    </test-cases>
</ns2:test-suite>